POST /products/ 2016-07-16T02:57:07.587Z
POST /products/ 2016-07-16T02:57:10.666Z
POST /products/ 2016-07-16T02:57:45.570Z
POST /products/ 2016-07-16T02:57:47.157Z
POST /products/ 2016-07-16T02:57:47.515Z
POST /products/ 2016-07-16T02:57:48.028Z
POST /products/ 2016-07-16T04:20:03.070Z
POST /products/ 2016-07-16T04:20:07.962Z
GET /products 2016-07-16T04:20:51.992Z
GET /products 2016-07-16T04:24:09.607Z
GET /products 2016-07-16T04:25:40.218Z
POST /products/ 2016-07-16T04:25:45.443Z
POST /products/ 2016-07-16T04:25:47.852Z
GET /products 2016-07-16T04:25:49.184Z
POST /products/ 2016-07-16T04:25:54.729Z
POST /products/ 2016-07-16T04:26:03.321Z
POST /products/ 2016-07-16T04:26:04.446Z
POST /products/ 2016-07-16T04:26:04.665Z
GET /products 2016-07-16T04:26:05.756Z
DELETE /products/ 2016-07-16T04:29:19.788Z
DELETE /products/0 2016-07-16T04:29:25.564Z
DELETE /products/0 2016-07-16T04:36:31.501Z
DELETE /products/0 2016-07-16T04:36:32.843Z
DELETE /products/0 2016-07-16T04:36:33.593Z
PUT /products/0 2016-07-16T04:36:43.133Z
PUT /products/0 2016-07-16T04:38:20.824Z
PUT /products/0 2016-07-16T04:44:18.978Z
PUT /products/0 2016-07-16T04:45:09.865Z
